1668452111.658184 client started (8525): version 3.0a, socket /tmp/tmux-1000/default, protocol 8
1668452111.658236 on Linux 6.0.3-x64v1-xanmod1 #0~20221021.gitdb447e7 SMP PREEMPT_DYNAMIC Fri Oct 21 19:34:01 U; libevent 2.1.11-stable (poll)
1668452111.658274 socket is /tmp/tmux-1000/default
1668452111.658298 trying connect
1668452111.658328 connect failed: Connection refused
1668452111.658347 lock file is /tmp/tmux-1000/default.lock
1668452111.658400 flock succeeded
1668452111.658409 got lock (6)
1668452111.658424 trying connect
1668452111.658442 connect failed: Connection refused
1668452111.658820 add peer 0x561e8a13b930: 7 ((nil))
1668452111.659074 sending message 100 to peer 0x561e8a13b930 (4 bytes)
1668452111.659085 sending message 101 to peer 0x561e8a13b930 (10 bytes)
1668452111.659091 sending message 102 to peer 0x561e8a13b930 (11 bytes)
1668452111.659097 sending message 108 to peer 0x561e8a13b930 (34 bytes)
1668452111.659104 sending message 104 to peer 0x561e8a13b930 (0 bytes)
1668452111.659110 sending message 107 to peer 0x561e8a13b930 (4 bytes)
1668452111.659115 sending message 105 to peer 0x561e8a13b930 (38 bytes)
1668452111.659121 sending message 105 to peer 0x561e8a13b930 (55 bytes)
1668452111.659127 sending message 105 to peer 0x561e8a13b930 (29 bytes)
1668452111.659132 sending message 105 to peer 0x561e8a13b930 (20 bytes)
1668452111.659138 sending message 105 to peer 0x561e8a13b930 (54 bytes)
1668452111.659143 sending message 105 to peer 0x561e8a13b930 (47 bytes)
1668452111.659148 sending message 105 to peer 0x561e8a13b930 (19 bytes)
1668452111.659153 sending message 105 to peer 0x561e8a13b930 (11 bytes)
1668452111.659159 sending message 105 to peer 0x561e8a13b930 (14 bytes)
1668452111.659175 sending message 105 to peer 0x561e8a13b930 (15 bytes)
1668452111.659181 sending message 105 to peer 0x561e8a13b930 (52 bytes)
1668452111.659186 sending message 105 to peer 0x561e8a13b930 (28 bytes)
1668452111.659192 sending message 105 to peer 0x561e8a13b930 (18 bytes)
1668452111.659197 sending message 105 to peer 0x561e8a13b930 (41 bytes)
1668452111.659202 sending message 105 to peer 0x561e8a13b930 (17 bytes)
1668452111.659207 sending message 105 to peer 0x561e8a13b930 (15 bytes)
1668452111.659213 sending message 105 to peer 0x561e8a13b930 (23 bytes)
1668452111.659218 sending message 105 to peer 0x561e8a13b930 (30 bytes)
1668452111.659223 sending message 105 to peer 0x561e8a13b930 (27 bytes)
1668452111.659228 sending message 105 to peer 0x561e8a13b930 (24 bytes)
1668452111.659238 sending message 105 to peer 0x561e8a13b930 (20 bytes)
1668452111.659245 sending message 105 to peer 0x561e8a13b930 (23 bytes)
1668452111.659251 sending message 105 to peer 0x561e8a13b930 (21 bytes)
1668452111.659256 sending message 105 to peer 0x561e8a13b930 (25 bytes)
1668452111.659261 sending message 105 to peer 0x561e8a13b930 (20 bytes)
1668452111.659267 sending message 105 to peer 0x561e8a13b930 (15 bytes)
1668452111.659272 sending message 105 to peer 0x561e8a13b930 (50 bytes)
1668452111.659277 sending message 105 to peer 0x561e8a13b930 (17 bytes)
1668452111.659283 sending message 105 to peer 0x561e8a13b930 (309 bytes)
1668452111.659288 sending message 105 to peer 0x561e8a13b930 (38 bytes)
1668452111.659293 sending message 105 to peer 0x561e8a13b930 (19 bytes)
1668452111.659298 sending message 105 to peer 0x561e8a13b930 (26 bytes)
1668452111.659304 sending message 105 to peer 0x561e8a13b930 (26 bytes)
1668452111.659309 sending message 105 to peer 0x561e8a13b930 (19 bytes)
1668452111.659314 sending message 105 to peer 0x561e8a13b930 (8 bytes)
1668452111.659327 sending message 105 to peer 0x561e8a13b930 (19 bytes)
1668452111.659336 sending message 105 to peer 0x561e8a13b930 (47 bytes)
1668452111.659341 sending message 105 to peer 0x561e8a13b930 (15 bytes)
1668452111.659347 sending message 105 to peer 0x561e8a13b930 (12 bytes)
1668452111.659352 sending message 105 to peer 0x561e8a13b930 (18 bytes)
1668452111.659357 sending message 105 to peer 0x561e8a13b930 (36 bytes)
1668452111.659362 sending message 105 to peer 0x561e8a13b930 (41 bytes)
1668452111.659368 sending message 105 to peer 0x561e8a13b930 (23 bytes)
1668452111.659383 sending message 105 to peer 0x561e8a13b930 (135 bytes)
1668452111.659389 sending message 105 to peer 0x561e8a13b930 (50 bytes)
1668452111.659395 sending message 105 to peer 0x561e8a13b930 (31 bytes)
1668452111.659400 sending message 105 to peer 0x561e8a13b930 (15 bytes)
1668452111.659405 sending message 105 to peer 0x561e8a13b930 (52 bytes)
1668452111.659411 sending message 105 to peer 0x561e8a13b930 (23 bytes)
1668452111.659416 sending message 105 to peer 0x561e8a13b930 (23 bytes)
1668452111.659421 sending message 105 to peer 0x561e8a13b930 (18 bytes)
1668452111.659427 sending message 105 to peer 0x561e8a13b930 (58 bytes)
1668452111.659432 sending message 105 to peer 0x561e8a13b930 (21 bytes)
1668452111.659437 sending message 105 to peer 0x561e8a13b930 (11 bytes)
1668452111.659442 sending message 105 to peer 0x561e8a13b930 (33 bytes)
1668452111.659448 sending message 105 to peer 0x561e8a13b930 (28 bytes)
1668452111.659453 sending message 105 to peer 0x561e8a13b930 (11 bytes)
1668452111.659458 sending message 105 to peer 0x561e8a13b930 (8 bytes)
1668452111.659464 sending message 105 to peer 0x561e8a13b930 (32 bytes)
1668452111.659470 sending message 105 to peer 0x561e8a13b930 (8441 bytes)
1668452111.659484 sending message 105 to peer 0x561e8a13b930 (46 bytes)
1668452111.659490 sending message 105 to peer 0x561e8a13b930 (41 bytes)
1668452111.659496 sending message 105 to peer 0x561e8a13b930 (35 bytes)
1668452111.659502 sending message 105 to peer 0x561e8a13b930 (7 bytes)
1668452111.659507 sending message 105 to peer 0x561e8a13b930 (11 bytes)
1668452111.659513 sending message 105 to peer 0x561e8a13b930 (43 bytes)
1668452111.659518 sending message 105 to peer 0x561e8a13b930 (14 bytes)
1668452111.659523 sending message 105 to peer 0x561e8a13b930 (16 bytes)
1668452111.659529 sending message 106 to peer 0x561e8a13b930 (0 bytes)
1668452111.659535 sending message 200 to peer 0x561e8a13b930 (4 bytes)
1668452111.659540 client loop enter
1668452111.711896 peer 0x561e8a13b930 message 207
1668452111.711909 sending message 208 to peer 0x561e8a13b930 (0 bytes)
1668452116.492723 peer 0x561e8a13b930 message 203
1668452116.492745 sending message 205 to peer 0x561e8a13b930 (0 bytes)
1668452116.493180 peer 0x561e8a13b930 message 204
1668452116.493188 client loop exit
